<?xml version="1.0" encoding="UTF-8"?>
<testng-results skipped="0" failed="0" ignored="0" total="1" passed="1">
  <reporter-output>
    <line>
      <![CDATA[Setting up Reports and Test is getting ready]]>
    </line>
    <line>
      <![CDATA[Setting Done-Test can be started]]>
    </line>
    <line>
      <![CDATA[Trying to start Browser and Getting Application ready]]>
    </line>
    <line>
      <![CDATA[Browser and Application is up and running]]>
    </line>
    <line>
      <![CDATA[Test is about to end]]>
    </line>
    <line>
      <![CDATA[Test Completed>>>>Reports Generated]]>
    </line>
  </reporter-output>
  <suite name="Default suite" duration-ms="34669" started-at="2019-10-28T12:44:18Z" finished-at="2019-10-28T12:44:53Z">
    <groups>
    </groups>
    <test name="Default test" duration-ms="34669" started-at="2019-10-28T12:44:18Z" finished-at="2019-10-28T12:44:53Z">
      <class name="com.framework.testcases.FaceBookTest">
        <test-method status="PASS" signature="setUpSuit()[pri:0, instance:com.framework.testcases.FaceBookTest@604ed9f0]" name="setUpSuit" is-config="true" duration-ms="859" started-at="2019-10-28T12:44:17Z" finished-at="2019-10-28T12:44:18Z">
          <reporter-output>
            <line>
              <![CDATA[Setting up Reports and Test is getting ready]]>
            </line>
            <line>
              <![CDATA[Setting Done-Test can be started]]>
            </line>
          </reporter-output>
        </test-method> <!-- setUpSuit -->
        <test-method status="PASS" signature="setUp()[pri:0, instance:com.framework.testcases.FaceBookTest@604ed9f0]" name="setUp" is-config="true" duration-ms="22045" started-at="2019-10-28T12:44:18Z" finished-at="2019-10-28T12:44:40Z">
          <reporter-output>
            <line>
              <![CDATA[Trying to start Browser and Getting Application ready]]>
            </line>
            <line>
              <![CDATA[Browser and Application is up and running]]>
            </line>
          </reporter-output>
        </test-method> <!-- setUp -->
        <test-method status="PASS" signature="tearDownMethod(org.testng.ITestResult)[pri:0, instance:com.framework.testcases.FaceBookTest@604ed9f0]" name="tearDownMethod" is-config="true" duration-ms="19" started-at="2019-10-28T12:44:40Z" finished-at="2019-10-28T12:44:40Z">
          <params>
            <param index="0">
              <value>
                <![CDATA[[TestResult name=testFacebook status=SUCCESS method=FaceBookTest.testFacebook()[pri:0, instance:com.framework.testcases.FaceBookTest@604ed9f0] output={null}]]]>
              </value>
            </param>
          </params>
          <reporter-output>
            <line>
              <![CDATA[Test is about to end]]>
            </line>
            <line>
              <![CDATA[Test Completed>>>>Reports Generated]]>
            </line>
          </reporter-output>
        </test-method> <!-- tearDownMethod -->
        <test-method status="PASS" signature="testFacebook()[pri:0, instance:com.framework.testcases.FaceBookTest@604ed9f0]" name="testFacebook" duration-ms="11900" started-at="2019-10-28T12:44:40Z" finished-at="2019-10-28T12:44:52Z">
          <reporter-output>
          </reporter-output>
        </test-method> <!-- testFacebook -->
        <test-method status="PASS" signature="tearDown()[pri:0, instance:com.framework.testcases.FaceBookTest@604ed9f0]" name="tearDown" is-config="true" duration-ms="680" started-at="2019-10-28T12:44:52Z" finished-at="2019-10-28T12:44:53Z">
          <reporter-output>
          </reporter-output>
        </test-method> <!-- tearDown -->
      </class> <!-- com.framework.testcases.FaceBookTest -->
    </test> <!-- Default test -->
  </suite> <!-- Default suite -->
</testng-results>
